<?xml version="1.0" encoding="UTF-8"?>
<!-- Generated by org.testng.reporters.JUnitXMLReporter -->
<testsuite hostname="ntpc01508" ignored="0" name="Test" tests="4" failures="0" timestamp="27 Aug 2018 09:21:22 GMT" time="57.535" errors="0">
  <testcase name="login1" time="53.326" classname="DriverScript.Logintest"/>
  <testcase name="start" time="0.001" classname="DriverScript.Testdemo"/>
  <testcase name="process" time="0.001" classname="DriverScript.Testdemo"/>
  <testcase name="stop" time="0.001" classname="DriverScript.Testdemo"/>
</testsuite> <!-- Test -->
