<?xml version="1.0" encoding="UTF-8"?>
<testng-results skipped="0" failed="0" ignored="0" total="1" passed="1">
  <reporter-output>
  </reporter-output>
  <suite name="Default suite" duration-ms="27974" started-at="2018-08-24T13:06:01Z" finished-at="2018-08-24T13:06:28Z">
    <groups>
    </groups>
    <test name="Default test" duration-ms="27974" started-at="2018-08-24T13:06:01Z" finished-at="2018-08-24T13:06:28Z">
      <class name="contactDetails.Logintest">
        <test-method status="PASS" signature="beforeMethod()[pri:0, instance:contactDetails.Logintest@ed9d034]" name="beforeMethod" is-config="true" duration-ms="3406" started-at="2018-08-24T13:06:01Z" finished-at="2018-08-24T13:06:04Z">
          <reporter-output>
          </reporter-output>
        </test-method> <!-- beforeMethod -->
        <test-method status="PASS" signature="login1()[pri:0, instance:contactDetails.Logintest@ed9d034]" name="login1" duration-ms="24549" started-at="2018-08-24T13:06:04Z" finished-at="2018-08-24T13:06:28Z">
          <reporter-output>
          </reporter-output>
        </test-method> <!-- login1 -->
        <test-method status="PASS" signature="afterMethod()[pri:0, instance:contactDetails.Logintest@ed9d034]" name="afterMethod" is-config="true" duration-ms="0" started-at="2018-08-24T13:06:28Z" finished-at="2018-08-24T13:06:28Z">
          <reporter-output>
          </reporter-output>
        </test-method> <!-- afterMethod -->
      </class> <!-- contactDetails.Logintest -->
    </test> <!-- Default test -->
  </suite> <!-- Default suite -->
</testng-results>
